2024-03-04 16:46:52,240:INFO:Starting training with learning rate 0.001, batch size: 32 and 20 epochs
2024-03-04 16:55:57,697:INFO:Epoch 1/20, Loss: 0.4746668377017553
2024-03-04 17:04:56,685:INFO:Epoch 2/20, Loss: 0.4097132987416951
2024-03-04 17:13:57,705:INFO:Epoch 3/20, Loss: 0.3747397604505573
2024-03-04 17:23:39,095:INFO:Epoch 4/20, Loss: 0.3541770311055985
2024-03-04 17:32:51,405:INFO:Epoch 5/20, Loss: 0.34231689295410056
2024-03-04 17:41:50,313:INFO:Epoch 6/20, Loss: 0.32908350914980455
2024-03-04 17:50:44,310:INFO:Epoch 7/20, Loss: 0.31570617709539633
2024-03-04 17:59:34,133:INFO:Epoch 8/20, Loss: 0.3114645431658863
2024-03-04 18:08:23,779:INFO:Epoch 9/20, Loss: 0.2882650121387127
2024-03-04 18:17:12,271:INFO:Epoch 10/20, Loss: 0.2600626211646384
2024-03-04 18:25:57,607:INFO:Epoch 11/20, Loss: 0.2408430151707303
2024-03-04 18:34:51,513:INFO:Epoch 12/20, Loss: 0.23059587978420004
2024-03-04 18:43:41,756:INFO:Epoch 13/20, Loss: 0.19270501730848202
2024-03-04 18:52:28,748:INFO:Epoch 14/20, Loss: 0.17610783650811795
2024-03-04 19:01:15,875:INFO:Epoch 15/20, Loss: 0.14447686272318913
2024-03-04 19:10:18,469:INFO:Epoch 16/20, Loss: 0.1334412932082747
2024-03-04 19:19:13,232:INFO:Epoch 17/20, Loss: 0.12222098466833081
2024-03-04 19:28:02,739:INFO:Epoch 18/20, Loss: 0.10421923703753051
2024-03-04 19:36:53,846:INFO:Epoch 19/20, Loss: 0.07976220565460689
2024-03-04 19:45:42,199:INFO:Epoch 20/20, Loss: 0.08800642163517465
2024-03-04 19:45:42,199:INFO:Evaluating training set
2024-03-04 19:51:03,600:INFO:Accuracy: 0.9873, Precision: 0.9852, Recall: 0.9879, F1 Score: 0.9865
2024-03-04 19:51:03,601:INFO:training set confusion metrix [[1356   13    0]
 [  33 2212    0]
 [   0    0    0]]
2024-03-04 19:51:03,601:INFO:Evaluating on Validation Set
2024-03-04 19:56:22,099:INFO:Accuracy: 0.7287, Precision: 0.7042, Recall: 0.7114, F1 Score: 0.7071
2024-03-04 19:56:22,100:INFO:Validation set confusion metrix [[ 814  431    0]
 [ 535 1780    0]
 [   0    0    0]]
2024-03-04 19:56:22,100:INFO:Evaluating on test Set
2024-03-04 20:01:59,240:INFO:Accuracy: 0.7375, Precision: 0.5145, Recall: 0.5702, F1 Score: 0.4767
2024-03-04 20:01:59,241:INFO:Validation set confusion metrix [[2700  889    0]
 [  93   59    0]
 [   0    0    0]]
